<?xml version="1.0" encoding="UTF-8"?>
<!-- Generated by org.testng.reporters.JUnitReportReporter -->
<testsuite hostname="LAPTOP-IP00DK1I" failures="0" tests="11" name="test.TC_003ContactListTest" time="81.857" errors="0" timestamp="2025-03-25T17:26:43 IST" skipped="0">
  <testcase classname="test.TC_003ContactListTest" name="Contact" time="7.577"/>
  <testcase classname="test.TC_003ContactListTest" name="Contact" time="7.744"/>
  <testcase classname="test.TC_003ContactListTest" name="Contact" time="7.219"/>
  <testcase classname="test.TC_003ContactListTest" name="Contact" time="7.851"/>
  <testcase classname="test.TC_003ContactListTest" name="Contact" time="7.590"/>
  <testcase classname="test.TC_003ContactListTest" name="Contact" time="8.254"/>
  <testcase classname="test.TC_003ContactListTest" name="Contact" time="6.339"/>
  <testcase classname="test.TC_003ContactListTest" name="Contact" time="7.241"/>
  <testcase classname="test.TC_003ContactListTest" name="Contact" time="7.003"/>
  <testcase classname="test.TC_003ContactListTest" name="Contact" time="7.151"/>
  <testcase classname="test.TC_003ContactListTest" name="Contact" time="7.888"/>
</testsuite> <!-- test.TC_003ContactListTest -->
