<?xml version="1.0" encoding="UTF-8"?>
<!-- Generated by org.testng.reporters.JUnitReportReporter -->
<testsuite hostname="LAPTOP-IP00DK1I" failures="0" tests="4" name="test.TC_002Login" time="16.703" errors="0" timestamp="2025-03-25T17:26:43 IST" skipped="0">
  <testcase classname="test.TC_002Login" name="loginTest" time="4.282"/>
  <testcase classname="test.TC_002Login" name="loginTest" time="4.023"/>
  <testcase classname="test.TC_002Login" name="loginTest" time="3.769"/>
  <testcase classname="test.TC_002Login" name="loginTest" time="4.629"/>
</testsuite> <!-- test.TC_002Login -->
