<?xml version="1.0" encoding="UTF-8"?>
<!-- Generated by org.testng.reporters.JUnitReportReporter -->
<testsuite hostname="LAPTOP-IP00DK1I" failures="0" tests="1" name="test.TC_005EditContact" time="12.369" errors="0" timestamp="2025-03-25T17:26:43 IST" skipped="0">
  <testcase classname="test.TC_005EditContact" name="EditContact" time="12.369"/>
</testsuite> <!-- test.TC_005EditContact -->
