<?xml version="1.0" encoding="UTF-8"?>
<!-- Generated by org.testng.reporters.JUnitReportReporter -->
<testsuite hostname="LAPTOP-IP00DK1I" failures="0" tests="7" name="test.TC_004AScendingName" time="64.227" errors="0" timestamp="2025-03-25T17:26:43 IST" skipped="0">
  <testcase classname="test.TC_004AScendingName" name="Contact" time="8.359"/>
  <testcase classname="test.TC_004AScendingName" name="Contact" time="9.037"/>
  <testcase classname="test.TC_004AScendingName" name="Contact" time="11.080"/>
  <testcase classname="test.TC_004AScendingName" name="Contact" time="9.577"/>
  <testcase classname="test.TC_004AScendingName" name="Contact" time="7.879"/>
  <testcase classname="test.TC_004AScendingName" name="Contact" time="8.908"/>
  <testcase classname="test.TC_004AScendingName" name="Contact" time="9.387"/>
</testsuite> <!-- test.TC_004AScendingName -->
